2025-12-12T15:10:35.233+04:00  INFO 19508 --- [course-service] [main] c.c.c.CourseServiceApplication           : Starting CourseServiceApplication using Java 17.0.17 with PID 19508 (C:\Users\Orxan\Downloads\SurveyBuilderApp-master\course-service\build\classes\java\main started by Orxan in C:\Users\Orxan\Downloads\SurveyBuilderApp-master\course-service)
2025-12-12T15:10:35.247+04:00  INFO 19508 --- [course-service] [main] c.c.c.CourseServiceApplication           : No active profile set, falling back to 1 default profile: "default"
2025-12-12T15:10:36.597+04:00  INFO 19508 --- [course-service] [main] .s.d.r.c.RepositoryConfigurationDelegate : Bootstrapping Spring Data JPA repositories in DEFAULT mode.
2025-12-12T15:10:36.667+04:00  INFO 19508 --- [course-service] [main] .s.d.r.c.RepositoryConfigurationDelegate : Finished Spring Data repository scanning in 59 ms. Found 1 JPA repository interface.
2025-12-12T15:10:36.907+04:00  INFO 19508 --- [course-service] [main] o.s.cloud.context.scope.GenericScope     : BeanFactory id=79ed4d02-9518-32b4-8036-90f449d518b1
2025-12-12T15:10:37.277+04:00  INFO 19508 --- [course-service] [main] o.s.b.w.embedded.tomcat.TomcatWebServer  : Tomcat initialized with port 8081 (http)
2025-12-12T15:10:37.290+04:00  INFO 19508 --- [course-service] [main] o.apache.catalina.core.StandardService   : Starting service [Tomcat]
2025-12-12T15:10:37.291+04:00  INFO 19508 --- [course-service] [main] o.apache.catalina.core.StandardEngine    : Starting Servlet engine: [Apache Tomcat/10.1.49]
2025-12-12T15:10:37.352+04:00  INFO 19508 --- [course-service] [main] o.a.c.c.C.[Tomcat].[localhost].[/]       : Initializing Spring embedded WebApplicationContext
2025-12-12T15:10:37.353+04:00  INFO 19508 --- [course-service] [main] w.s.c.ServletWebServerApplicationContext : Root WebApplicationContext: initialization completed in 1986 ms
2025-12-12T15:10:37.551+04:00  INFO 19508 --- [course-service] [main] o.hibernate.jpa.internal.util.LogHelper  : HHH000204: Processing PersistenceUnitInfo [name: default]
2025-12-12T15:10:37.618+04:00  INFO 19508 --- [course-service] [main] org.hibernate.Version                    : HHH000412: Hibernate ORM core version 6.6.36.Final
2025-12-12T15:10:37.650+04:00  INFO 19508 --- [course-service] [main] o.h.c.internal.RegionFactoryInitiator    : HHH000026: Second-level cache disabled
2025-12-12T15:10:38.275+04:00  INFO 19508 --- [course-service] [main] o.s.o.j.p.SpringPersistenceUnitInfo      : No LoadTimeWeaver setup: ignoring JPA class transformer
2025-12-12T15:10:38.363+04:00  INFO 19508 --- [course-service] [main] com.zaxxer.hikari.HikariDataSource       : HikariPool-1 - Starting...
2025-12-12T15:10:38.613+04:00  INFO 19508 --- [course-service] [main] com.zaxxer.hikari.pool.HikariPool        : HikariPool-1 - Added connection org.postgresql.jdbc.PgConnection@40013051
2025-12-12T15:10:38.615+04:00  INFO 19508 --- [course-service] [main] com.zaxxer.hikari.HikariDataSource       : HikariPool-1 - Start completed.
2025-12-12T15:10:38.665+04:00  WARN 19508 --- [course-service] [main] org.hibernate.orm.deprecation            : HHH90000025: PostgreSQLDialect does not need to be specified explicitly using 'hibernate.dialect' (remove the property setting and it will be selected by default)
2025-12-12T15:10:38.686+04:00  INFO 19508 --- [course-service] [main] org.hibernate.orm.connections.pooling    : HHH10001005: Database info:
	Database JDBC URL [Connecting through datasource 'HikariDataSource (HikariPool-1)']
	Database driver: undefined/unknown
	Database version: 18.0
	Autocommit mode: undefined/unknown
	Isolation level: undefined/unknown
	Minimum pool size: undefined/unknown
	Maximum pool size: undefined/unknown
2025-12-12T15:10:39.596+04:00  INFO 19508 --- [course-service] [main] o.h.e.t.j.p.i.JtaPlatformInitiator       : HHH000489: No JTA platform available (set 'hibernate.transaction.jta.platform' to enable JTA platform integration)
2025-12-12T15:10:39.697+04:00  INFO 19508 --- [course-service] [main] j.LocalContainerEntityManagerFactoryBean : Initialized JPA EntityManagerFactory for persistence unit 'default'
2025-12-12T15:10:40.030+04:00  WARN 19508 --- [course-service] [main] JpaBaseConfiguration$JpaWebConfiguration : spring.jpa.open-in-view is enabled by default. Therefore, database queries may be performed during view rendering. Explicitly configure spring.jpa.open-in-view to disable this warning
2025-12-12T15:10:40.272+04:00 DEBUG 19508 --- [course-service] [main] s.w.s.m.m.a.RequestMappingHandlerMapping : 8 mappings in 'requestMappingHandlerMapping'
2025-12-12T15:10:40.353+04:00 DEBUG 19508 --- [course-service] [main] o.s.w.s.handler.SimpleUrlHandlerMapping  : Patterns [/webjars/**, /**, /swagger-ui*/*swagger-initializer.js, /swagger-ui*/**] in 'resourceHandlerMapping'
2025-12-12T15:10:40.378+04:00 DEBUG 19508 --- [course-service] [main] s.w.s.m.m.a.RequestMappingHandlerAdapter : ControllerAdvice beans: 0 @ModelAttribute, 0 @InitBinder, 1 RequestBodyAdvice, 1 ResponseBodyAdvice
2025-12-12T15:10:40.426+04:00 DEBUG 19508 --- [course-service] [main] .m.m.a.ExceptionHandlerExceptionResolver : ControllerAdvice beans: 1 @ExceptionHandler, 1 ResponseBodyAdvice
2025-12-12T15:10:40.742+04:00  INFO 19508 --- [course-service] [main] o.s.b.w.embedded.tomcat.TomcatWebServer  : Tomcat started on port 8081 (http) with context path '/'
2025-12-12T15:10:40.821+04:00  INFO 19508 --- [course-service] [main] c.c.c.CourseServiceApplication           : Started CourseServiceApplication in 7.302 seconds (process running for 9.068)
2025-12-12T15:15:12.182+04:00  INFO 19508 --- [course-service] [SpringApplicationShutdownHook] o.s.b.w.e.tomcat.GracefulShutdown        : Commencing graceful shutdown. Waiting for active requests to complete
2025-12-12T15:15:12.333+04:00  INFO 19508 --- [course-service] [tomcat-shutdown] o.s.b.w.e.tomcat.GracefulShutdown        : Graceful shutdown complete
2025-12-12T15:15:12.359+04:00  INFO 19508 --- [course-service] [SpringApplicationShutdownHook] j.LocalContainerEntityManagerFactoryBean : Closing JPA EntityManagerFactory for persistence unit 'default'
2025-12-12T15:15:12.379+04:00  INFO 19508 --- [course-service] [SpringApplicationShutdownHook] com.zaxxer.hikari.HikariDataSource       : HikariPool-1 - Shutdown initiated...
2025-12-12T15:15:12.387+04:00  INFO 19508 --- [course-service] [SpringApplicationShutdownHook] com.zaxxer.hikari.HikariDataSource       : HikariPool-1 - Shutdown completed.
